2025/02/03 17:29:00 [notice] 1#1: using the "epoll" event method
2025/02/03 17:29:00 [notice] 1#1: nginx/1.27.3
2025/02/03 17:29:00 [notice] 1#1: built by gcc 13.2.1 20240309 (Alpine 13.2.1_git20240309) 
2025/02/03 17:29:00 [notice] 1#1: OS: Linux 6.8.11-amd64
2025/02/03 17:29:00 [notice] 1#1: getrlimit(RLIMIT_NOFILE): 1073741816:1073741816
2025/02/03 17:29:00 [notice] 1#1: start worker processes
2025/02/03 17:29:00 [notice] 1#1: start worker process 20
2025/02/03 17:29:00 [notice] 1#1: start worker process 21
2025/02/03 17:29:00 [notice] 1#1: start worker process 22
2025/02/03 17:29:00 [notice] 1#1: start worker process 23
2025/02/03 17:29:00 [notice] 1#1: start worker process 24
2025/02/03 17:29:00 [notice] 1#1: start worker process 25
2025/02/03 17:29:00 [notice] 1#1: start worker process 26
2025/02/03 17:29:00 [notice] 1#1: start worker process 27
2025/02/03 17:30:00 [notice] 1#1: signal 3 (SIGQUIT) received, shutting down
2025/02/03 17:30:00 [notice] 20#20: gracefully shutting down
2025/02/03 17:30:00 [notice] 21#21: gracefully shutting down
2025/02/03 17:30:00 [notice] 23#23: gracefully shutting down
2025/02/03 17:30:00 [notice] 22#22: gracefully shutting down
2025/02/03 17:30:00 [notice] 20#20: exiting
2025/02/03 17:30:00 [notice] 21#21: exiting
2025/02/03 17:30:00 [notice] 25#25: gracefully shutting down
2025/02/03 17:30:00 [notice] 26#26: gracefully shutting down
2025/02/03 17:30:00 [notice] 23#23: exiting
2025/02/03 17:30:00 [notice] 25#25: exiting
2025/02/03 17:30:00 [notice] 26#26: exiting
2025/02/03 17:30:00 [notice] 22#22: exiting
2025/02/03 17:30:00 [notice] 20#20: exit
2025/02/03 17:30:00 [notice] 21#21: exit
2025/02/03 17:30:00 [notice] 23#23: exit
2025/02/03 17:30:00 [notice] 24#24: gracefully shutting down
2025/02/03 17:30:00 [notice] 22#22: exit
2025/02/03 17:30:00 [notice] 25#25: exit
2025/02/03 17:30:00 [notice] 26#26: exit
2025/02/03 17:30:00 [notice] 24#24: exiting
2025/02/03 17:30:00 [notice] 27#27: gracefully shutting down
2025/02/03 17:30:00 [notice] 27#27: exiting
2025/02/03 17:30:00 [notice] 24#24: exit
2025/02/03 17:30:00 [notice] 27#27: exit
2025/02/03 17:30:00 [notice] 1#1: signal 17 (SIGCHLD) received from 23
2025/02/03 17:30:00 [notice] 1#1: worker process 20 exited with code 0
2025/02/03 17:30:00 [notice] 1#1: worker process 23 exited with code 0
2025/02/03 17:30:00 [notice] 1#1: signal 29 (SIGIO) received
2025/02/03 17:30:00 [notice] 1#1: signal 17 (SIGCHLD) received from 24
2025/02/03 17:30:00 [notice] 1#1: worker process 24 exited with code 0
2025/02/03 17:30:00 [notice] 1#1: worker process 21 exited with code 0
2025/02/03 17:30:00 [notice] 1#1: worker process 25 exited with code 0
2025/02/03 17:30:00 [notice] 1#1: worker process 27 exited with code 0
2025/02/03 17:30:00 [notice] 1#1: signal 29 (SIGIO) received
2025/02/03 17:30:00 [notice] 1#1: signal 17 (SIGCHLD) received from 25
2025/02/03 17:30:00 [notice] 1#1: signal 17 (SIGCHLD) received from 26
2025/02/03 17:30:00 [notice] 1#1: worker process 22 exited with code 0
2025/02/03 17:30:00 [notice] 1#1: worker process 26 exited with code 0
2025/02/03 17:30:00 [notice] 1#1: exit
2025/02/03 17:30:26 [notice] 1#1: using the "epoll" event method
2025/02/03 17:30:26 [notice] 1#1: nginx/1.27.3
2025/02/03 17:30:26 [notice] 1#1: built by gcc 13.2.1 20240309 (Alpine 13.2.1_git20240309) 
2025/02/03 17:30:26 [notice] 1#1: OS: Linux 6.8.11-amd64
2025/02/03 17:30:26 [notice] 1#1: getrlimit(RLIMIT_NOFILE): 1073741816:1073741816
2025/02/03 17:30:26 [notice] 1#1: start worker processes
2025/02/03 17:30:26 [notice] 1#1: start worker process 21
2025/02/03 17:30:26 [notice] 1#1: start worker process 22
2025/02/03 17:30:26 [notice] 1#1: start worker process 23
2025/02/03 17:30:26 [notice] 1#1: start worker process 24
2025/02/03 17:30:26 [notice] 1#1: start worker process 25
2025/02/03 17:30:26 [notice] 1#1: start worker process 26
2025/02/03 17:30:26 [notice] 1#1: start worker process 27
2025/02/03 17:30:26 [notice] 1#1: start worker process 28
2025/02/03 17:31:45 [notice] 1#1: signal 3 (SIGQUIT) received, shutting down
2025/02/03 17:31:45 [notice] 21#21: gracefully shutting down
2025/02/03 17:31:45 [notice] 22#22: gracefully shutting down
2025/02/03 17:31:45 [notice] 23#23: gracefully shutting down
2025/02/03 17:31:45 [notice] 24#24: gracefully shutting down
2025/02/03 17:31:45 [notice] 26#26: gracefully shutting down
2025/02/03 17:31:45 [notice] 22#22: exiting
2025/02/03 17:31:45 [notice] 23#23: exiting
2025/02/03 17:31:45 [notice] 26#26: exiting
2025/02/03 17:31:45 [notice] 24#24: exiting
2025/02/03 17:31:45 [notice] 25#25: gracefully shutting down
2025/02/03 17:31:45 [notice] 22#22: exit
2025/02/03 17:31:45 [notice] 23#23: exit
2025/02/03 17:31:45 [notice] 28#28: gracefully shutting down
2025/02/03 17:31:45 [notice] 26#26: exit
2025/02/03 17:31:45 [notice] 28#28: exiting
2025/02/03 17:31:45 [notice] 25#25: exiting
2025/02/03 17:31:45 [notice] 24#24: exit
2025/02/03 17:31:45 [notice] 21#21: exiting
2025/02/03 17:31:45 [notice] 28#28: exit
2025/02/03 17:31:45 [notice] 25#25: exit
2025/02/03 17:31:45 [notice] 21#21: exit
2025/02/03 17:31:45 [notice] 27#27: gracefully shutting down
2025/02/03 17:31:45 [notice] 27#27: exiting
2025/02/03 17:31:45 [notice] 27#27: exit
2025/02/03 17:31:45 [notice] 1#1: signal 17 (SIGCHLD) received from 21
2025/02/03 17:31:45 [notice] 1#1: worker process 21 exited with code 0
2025/02/03 17:31:45 [notice] 1#1: signal 29 (SIGIO) received
2025/02/03 17:31:45 [notice] 1#1: signal 17 (SIGCHLD) received from 27
2025/02/03 17:31:45 [notice] 1#1: worker process 23 exited with code 0
2025/02/03 17:31:45 [notice] 1#1: worker process 22 exited with code 0
2025/02/03 17:31:45 [notice] 1#1: worker process 24 exited with code 0
2025/02/03 17:31:45 [notice] 1#1: worker process 25 exited with code 0
2025/02/03 17:31:45 [notice] 1#1: worker process 26 exited with code 0
2025/02/03 17:31:45 [notice] 1#1: worker process 27 exited with code 0
2025/02/03 17:31:45 [notice] 1#1: signal 29 (SIGIO) received
2025/02/03 17:31:45 [notice] 1#1: signal 17 (SIGCHLD) received from 24
2025/02/03 17:31:45 [notice] 1#1: signal 17 (SIGCHLD) received from 28
2025/02/03 17:31:45 [notice] 1#1: worker process 28 exited with code 0
2025/02/03 17:31:45 [notice] 1#1: exit
2025/02/03 17:53:51 [notice] 1#1: using the "epoll" event method
2025/02/03 17:53:51 [notice] 1#1: nginx/1.27.3
2025/02/03 17:53:51 [notice] 1#1: built by gcc 13.2.1 20240309 (Alpine 13.2.1_git20240309) 
2025/02/03 17:53:51 [notice] 1#1: OS: Linux 6.8.11-amd64
2025/02/03 17:53:51 [notice] 1#1: getrlimit(RLIMIT_NOFILE): 1073741816:1073741816
2025/02/03 17:53:51 [notice] 1#1: start worker processes
2025/02/03 17:53:51 [notice] 1#1: start worker process 20
2025/02/03 17:53:51 [notice] 1#1: start worker process 21
2025/02/03 17:53:51 [notice] 1#1: start worker process 22
2025/02/03 17:53:51 [notice] 1#1: start worker process 23
2025/02/03 17:53:51 [notice] 1#1: start worker process 24
2025/02/03 17:53:51 [notice] 1#1: start worker process 25
2025/02/03 17:53:51 [notice] 1#1: start worker process 26
2025/02/03 17:53:51 [notice] 1#1: start worker process 27
2025/02/03 19:37:50 [notice] 1#1: using the "epoll" event method
2025/02/03 19:37:50 [notice] 1#1: nginx/1.27.3
2025/02/03 19:37:50 [notice] 1#1: built by gcc 13.2.1 20240309 (Alpine 13.2.1_git20240309) 
2025/02/03 19:37:50 [notice] 1#1: OS: Linux 6.8.11-amd64
2025/02/03 19:37:50 [notice] 1#1: getrlimit(RLIMIT_NOFILE): 1073741816:1073741816
2025/02/03 19:37:50 [notice] 1#1: start worker processes
2025/02/03 19:37:50 [notice] 1#1: start worker process 20
2025/02/03 19:37:50 [notice] 1#1: start worker process 21
2025/02/03 19:37:50 [notice] 1#1: start worker process 22
2025/02/03 19:37:50 [notice] 1#1: start worker process 23
2025/02/03 19:37:50 [notice] 1#1: start worker process 24
2025/02/03 19:37:50 [notice] 1#1: start worker process 25
2025/02/03 19:37:50 [notice] 1#1: start worker process 26
2025/02/03 19:37:50 [notice] 1#1: start worker process 27
2025/02/03 20:08:41 [notice] 1#1: using the "epoll" event method
2025/02/03 20:08:41 [notice] 1#1: nginx/1.27.3
2025/02/03 20:08:41 [notice] 1#1: built by gcc 13.2.1 20240309 (Alpine 13.2.1_git20240309) 
2025/02/03 20:08:41 [notice] 1#1: OS: Linux 6.8.11-amd64
2025/02/03 20:08:41 [notice] 1#1: getrlimit(RLIMIT_NOFILE): 1073741816:1073741816
2025/02/03 20:08:41 [notice] 1#1: start worker processes
2025/02/03 20:08:41 [notice] 1#1: start worker process 20
2025/02/03 20:08:41 [notice] 1#1: start worker process 21
2025/02/03 20:08:41 [notice] 1#1: start worker process 22
2025/02/03 20:08:41 [notice] 1#1: start worker process 23
2025/02/03 20:08:41 [notice] 1#1: start worker process 24
2025/02/03 20:08:41 [notice] 1#1: start worker process 25
2025/02/03 20:08:41 [notice] 1#1: start worker process 26
2025/02/03 20:08:41 [notice] 1#1: start worker process 27
2025/02/04 19:18:40 [notice] 1#1: using the "epoll" event method
2025/02/04 19:18:40 [notice] 1#1: nginx/1.27.3
2025/02/04 19:18:40 [notice] 1#1: built by gcc 13.2.1 20240309 (Alpine 13.2.1_git20240309) 
2025/02/04 19:18:40 [notice] 1#1: OS: Linux 6.8.11-amd64
2025/02/04 19:18:40 [notice] 1#1: getrlimit(RLIMIT_NOFILE): 1073741816:1073741816
2025/02/04 19:18:40 [notice] 1#1: start worker processes
2025/02/04 19:18:40 [notice] 1#1: start worker process 20
2025/02/04 19:18:40 [notice] 1#1: start worker process 21
2025/02/04 19:18:40 [notice] 1#1: start worker process 22
2025/02/04 19:18:40 [notice] 1#1: start worker process 23
2025/02/04 19:18:40 [notice] 1#1: start worker process 24
2025/02/04 19:18:40 [notice] 1#1: start worker process 25
2025/02/04 19:18:40 [notice] 1#1: start worker process 26
2025/02/04 19:18:40 [notice] 1#1: start worker process 27
2025/02/04 22:34:33 [notice] 1#1: using the "epoll" event method
2025/02/04 22:34:33 [notice] 1#1: nginx/1.27.3
2025/02/04 22:34:33 [notice] 1#1: built by gcc 13.2.1 20240309 (Alpine 13.2.1_git20240309) 
2025/02/04 22:34:33 [notice] 1#1: OS: Linux 6.8.11-amd64
2025/02/04 22:34:33 [notice] 1#1: getrlimit(RLIMIT_NOFILE): 1073741816:1073741816
2025/02/04 22:34:33 [notice] 1#1: start worker processes
2025/02/04 22:34:33 [notice] 1#1: start worker process 20
2025/02/04 22:34:33 [notice] 1#1: start worker process 21
2025/02/04 22:34:33 [notice] 1#1: start worker process 22
2025/02/04 22:34:33 [notice] 1#1: start worker process 23
2025/02/04 22:34:33 [notice] 1#1: start worker process 24
2025/02/04 22:34:33 [notice] 1#1: start worker process 25
2025/02/04 22:34:33 [notice] 1#1: start worker process 26
2025/02/04 22:34:33 [notice] 1#1: start worker process 27
2025/02/05 11:02:12 [emerg] 1#1: unexpected end of file, expecting ";" or "}" in /etc/nginx/conf.d/nginx.conf:116
2025/02/05 11:02:18 [emerg] 1#1: unexpected end of file, expecting ";" or "}" in /etc/nginx/conf.d/nginx.conf:116
2025/02/05 11:02:23 [emerg] 1#1: unexpected end of file, expecting ";" or "}" in /etc/nginx/conf.d/nginx.conf:116
2025/02/05 11:02:29 [emerg] 1#1: unexpected end of file, expecting ";" or "}" in /etc/nginx/conf.d/nginx.conf:116
2025/02/05 11:02:37 [emerg] 1#1: unexpected end of file, expecting ";" or "}" in /etc/nginx/conf.d/nginx.conf:116
2025/02/05 11:02:42 [emerg] 1#1: unexpected end of file, expecting ";" or "}" in /etc/nginx/conf.d/nginx.conf:116
2025/02/05 11:02:47 [emerg] 1#1: unexpected end of file, expecting ";" or "}" in /etc/nginx/conf.d/nginx.conf:116
2025/02/05 11:02:55 [emerg] 1#1: unexpected end of file, expecting ";" or "}" in /etc/nginx/conf.d/nginx.conf:116
2025/02/05 11:03:09 [emerg] 1#1: unexpected end of file, expecting ";" or "}" in /etc/nginx/conf.d/nginx.conf:116
2025/02/05 11:03:35 [emerg] 1#1: unexpected end of file, expecting ";" or "}" in /etc/nginx/conf.d/nginx.conf:116
2025/02/05 11:04:28 [emerg] 1#1: unexpected end of file, expecting ";" or "}" in /etc/nginx/conf.d/nginx.conf:116
2025/02/05 11:05:29 [emerg] 1#1: unexpected end of file, expecting ";" or "}" in /etc/nginx/conf.d/nginx.conf:116
2025/02/05 11:06:30 [emerg] 1#1: unexpected end of file, expecting ";" or "}" in /etc/nginx/conf.d/nginx.conf:116
2025/02/05 11:07:31 [emerg] 1#1: unexpected end of file, expecting ";" or "}" in /etc/nginx/conf.d/nginx.conf:116
2025/02/05 11:08:32 [emerg] 1#1: unexpected end of file, expecting ";" or "}" in /etc/nginx/conf.d/nginx.conf:116
2025/02/05 11:09:33 [emerg] 1#1: unexpected end of file, expecting ";" or "}" in /etc/nginx/conf.d/nginx.conf:116
2025/02/05 11:10:34 [emerg] 1#1: unexpected end of file, expecting ";" or "}" in /etc/nginx/conf.d/nginx.conf:116
2025/02/05 11:11:40 [emerg] 1#1: unexpected end of file, expecting ";" or "}" in /etc/nginx/conf.d/nginx.conf:116
2025/02/05 11:12:42 [emerg] 1#1: unexpected end of file, expecting ";" or "}" in /etc/nginx/conf.d/nginx.conf:116
2025/02/05 11:13:43 [emerg] 1#1: unexpected end of file, expecting ";" or "}" in /etc/nginx/conf.d/nginx.conf:116
2025/02/05 11:14:44 [emerg] 1#1: unexpected end of file, expecting ";" or "}" in /etc/nginx/conf.d/nginx.conf:116
2025/02/05 11:15:45 [emerg] 1#1: unexpected end of file, expecting ";" or "}" in /etc/nginx/conf.d/nginx.conf:116
2025/02/05 11:16:46 [emerg] 1#1: unexpected end of file, expecting ";" or "}" in /etc/nginx/conf.d/nginx.conf:116
2025/02/05 11:17:48 [emerg] 1#1: unexpected end of file, expecting ";" or "}" in /etc/nginx/conf.d/nginx.conf:116
2025/02/05 11:18:49 [emerg] 1#1: unexpected end of file, expecting ";" or "}" in /etc/nginx/conf.d/nginx.conf:116
2025/02/05 11:19:50 [emerg] 1#1: unexpected end of file, expecting ";" or "}" in /etc/nginx/conf.d/nginx.conf:116
2025/02/05 11:20:51 [emerg] 1#1: unexpected end of file, expecting ";" or "}" in /etc/nginx/conf.d/nginx.conf:116
2025/02/05 11:21:52 [emerg] 1#1: unexpected end of file, expecting ";" or "}" in /etc/nginx/conf.d/nginx.conf:116
2025/02/05 11:22:53 [emerg] 1#1: unexpected end of file, expecting ";" or "}" in /etc/nginx/conf.d/nginx.conf:116
2025/02/05 11:23:54 [emerg] 1#1: unexpected end of file, expecting ";" or "}" in /etc/nginx/conf.d/nginx.conf:116
2025/02/05 11:24:55 [emerg] 1#1: unexpected end of file, expecting ";" or "}" in /etc/nginx/conf.d/nginx.conf:116
2025/02/05 11:25:56 [emerg] 1#1: unexpected end of file, expecting ";" or "}" in /etc/nginx/conf.d/nginx.conf:116
2025/02/05 11:26:57 [emerg] 1#1: unexpected end of file, expecting ";" or "}" in /etc/nginx/conf.d/nginx.conf:116
2025/02/05 11:27:59 [emerg] 1#1: unexpected end of file, expecting ";" or "}" in /etc/nginx/conf.d/nginx.conf:116
2025/02/05 11:29:00 [emerg] 1#1: unexpected end of file, expecting ";" or "}" in /etc/nginx/conf.d/nginx.conf:116
2025/02/05 11:30:01 [emerg] 1#1: unexpected end of file, expecting ";" or "}" in /etc/nginx/conf.d/nginx.conf:116
2025/02/05 11:31:02 [emerg] 1#1: unexpected end of file, expecting ";" or "}" in /etc/nginx/conf.d/nginx.conf:116
2025/02/05 11:32:03 [emerg] 1#1: unexpected end of file, expecting ";" or "}" in /etc/nginx/conf.d/nginx.conf:116
2025/02/05 11:33:05 [emerg] 1#1: unexpected end of file, expecting ";" or "}" in /etc/nginx/conf.d/nginx.conf:116
2025/02/05 11:34:06 [emerg] 1#1: unexpected end of file, expecting ";" or "}" in /etc/nginx/conf.d/nginx.conf:116
2025/02/05 11:35:07 [emerg] 1#1: unexpected end of file, expecting ";" or "}" in /etc/nginx/conf.d/nginx.conf:116
2025/02/05 11:36:08 [emerg] 1#1: unexpected end of file, expecting ";" or "}" in /etc/nginx/conf.d/nginx.conf:116
2025/02/05 11:37:09 [emerg] 1#1: unexpected end of file, expecting ";" or "}" in /etc/nginx/conf.d/nginx.conf:116
2025/02/05 11:38:10 [emerg] 1#1: unexpected end of file, expecting ";" or "}" in /etc/nginx/conf.d/nginx.conf:116
2025/02/05 11:39:12 [emerg] 1#1: unexpected end of file, expecting ";" or "}" in /etc/nginx/conf.d/nginx.conf:116
2025/02/05 11:40:13 [emerg] 1#1: unexpected end of file, expecting ";" or "}" in /etc/nginx/conf.d/nginx.conf:116
2025/02/05 11:41:14 [emerg] 1#1: unexpected end of file, expecting ";" or "}" in /etc/nginx/conf.d/nginx.conf:116
2025/02/05 11:42:15 [emerg] 1#1: unexpected end of file, expecting ";" or "}" in /etc/nginx/conf.d/nginx.conf:116
2025/02/05 11:43:16 [emerg] 1#1: unexpected end of file, expecting ";" or "}" in /etc/nginx/conf.d/nginx.conf:116
2025/02/05 11:44:17 [emerg] 1#1: unexpected end of file, expecting ";" or "}" in /etc/nginx/conf.d/nginx.conf:116
2025/02/05 11:45:18 [emerg] 1#1: unexpected end of file, expecting ";" or "}" in /etc/nginx/conf.d/nginx.conf:116
2025/02/05 11:46:19 [emerg] 1#1: unexpected end of file, expecting ";" or "}" in /etc/nginx/conf.d/nginx.conf:116
2025/02/05 11:47:20 [emerg] 1#1: unexpected end of file, expecting ";" or "}" in /etc/nginx/conf.d/nginx.conf:116
2025/02/05 11:48:21 [emerg] 1#1: unexpected end of file, expecting ";" or "}" in /etc/nginx/conf.d/nginx.conf:116
2025/02/05 11:49:22 [emerg] 1#1: unexpected end of file, expecting ";" or "}" in /etc/nginx/conf.d/nginx.conf:116
2025/02/05 11:50:23 [emerg] 1#1: unexpected end of file, expecting ";" or "}" in /etc/nginx/conf.d/nginx.conf:116
2025/02/05 11:51:24 [emerg] 1#1: unexpected end of file, expecting ";" or "}" in /etc/nginx/conf.d/nginx.conf:116
2025/02/05 11:52:25 [emerg] 1#1: unexpected end of file, expecting ";" or "}" in /etc/nginx/conf.d/nginx.conf:116
2025/02/05 11:53:26 [emerg] 1#1: unexpected end of file, expecting ";" or "}" in /etc/nginx/conf.d/nginx.conf:116
2025/02/05 11:54:27 [emerg] 1#1: unexpected end of file, expecting ";" or "}" in /etc/nginx/conf.d/nginx.conf:116
2025/02/05 11:55:28 [emerg] 1#1: unexpected end of file, expecting ";" or "}" in /etc/nginx/conf.d/nginx.conf:116
2025/02/05 11:56:29 [emerg] 1#1: unexpected end of file, expecting ";" or "}" in /etc/nginx/conf.d/nginx.conf:116
2025/02/05 11:57:30 [emerg] 1#1: unexpected end of file, expecting ";" or "}" in /etc/nginx/conf.d/nginx.conf:116
2025/02/05 11:58:31 [emerg] 1#1: unexpected end of file, expecting ";" or "}" in /etc/nginx/conf.d/nginx.conf:116
2025/02/05 11:59:32 [emerg] 1#1: unexpected end of file, expecting ";" or "}" in /etc/nginx/conf.d/nginx.conf:116
2025/02/05 12:00:33 [emerg] 1#1: unexpected end of file, expecting ";" or "}" in /etc/nginx/conf.d/nginx.conf:116
2025/02/05 12:01:35 [emerg] 1#1: unexpected end of file, expecting ";" or "}" in /etc/nginx/conf.d/nginx.conf:116
2025/02/05 12:02:36 [emerg] 1#1: unexpected end of file, expecting ";" or "}" in /etc/nginx/conf.d/nginx.conf:116
2025/02/05 12:03:37 [emerg] 1#1: unexpected end of file, expecting ";" or "}" in /etc/nginx/conf.d/nginx.conf:116
2025/02/05 12:04:38 [emerg] 1#1: unexpected end of file, expecting ";" or "}" in /etc/nginx/conf.d/nginx.conf:116
2025/02/05 12:05:39 [emerg] 1#1: unexpected end of file, expecting ";" or "}" in /etc/nginx/conf.d/nginx.conf:116
2025/02/05 12:06:40 [emerg] 1#1: unexpected end of file, expecting ";" or "}" in /etc/nginx/conf.d/nginx.conf:116
2025/02/05 12:07:41 [emerg] 1#1: unexpected end of file, expecting ";" or "}" in /etc/nginx/conf.d/nginx.conf:116
2025/02/05 12:08:42 [emerg] 1#1: unexpected end of file, expecting ";" or "}" in /etc/nginx/conf.d/nginx.conf:116
2025/02/05 12:09:43 [emerg] 1#1: unexpected end of file, expecting ";" or "}" in /etc/nginx/conf.d/nginx.conf:116
2025/02/05 12:10:44 [emerg] 1#1: unexpected end of file, expecting ";" or "}" in /etc/nginx/conf.d/nginx.conf:116
2025/02/05 12:11:45 [emerg] 1#1: unexpected end of file, expecting ";" or "}" in /etc/nginx/conf.d/nginx.conf:116
2025/02/05 12:12:46 [emerg] 1#1: unexpected end of file, expecting ";" or "}" in /etc/nginx/conf.d/nginx.conf:116
2025/02/05 12:13:47 [emerg] 1#1: unexpected end of file, expecting ";" or "}" in /etc/nginx/conf.d/nginx.conf:116
2025/02/05 12:14:48 [emerg] 1#1: unexpected end of file, expecting ";" or "}" in /etc/nginx/conf.d/nginx.conf:116
2025/02/05 12:15:49 [emerg] 1#1: unexpected end of file, expecting ";" or "}" in /etc/nginx/conf.d/nginx.conf:116
2025/02/05 12:16:50 [emerg] 1#1: unexpected end of file, expecting ";" or "}" in /etc/nginx/conf.d/nginx.conf:116
2025/02/05 12:17:51 [emerg] 1#1: unexpected end of file, expecting ";" or "}" in /etc/nginx/conf.d/nginx.conf:116
2025/02/05 12:18:52 [emerg] 1#1: unexpected end of file, expecting ";" or "}" in /etc/nginx/conf.d/nginx.conf:116
2025/02/05 12:19:53 [emerg] 1#1: unexpected end of file, expecting ";" or "}" in /etc/nginx/conf.d/nginx.conf:116
2025/02/05 12:20:55 [emerg] 1#1: unexpected end of file, expecting ";" or "}" in /etc/nginx/conf.d/nginx.conf:116
2025/02/05 12:21:56 [emerg] 1#1: unexpected end of file, expecting ";" or "}" in /etc/nginx/conf.d/nginx.conf:116
2025/02/05 12:22:57 [emerg] 1#1: unexpected end of file, expecting ";" or "}" in /etc/nginx/conf.d/nginx.conf:116
2025/02/05 12:23:58 [emerg] 1#1: unexpected end of file, expecting ";" or "}" in /etc/nginx/conf.d/nginx.conf:116
2025/02/05 12:24:59 [emerg] 1#1: unexpected end of file, expecting ";" or "}" in /etc/nginx/conf.d/nginx.conf:116
2025/02/05 12:26:00 [emerg] 1#1: unexpected end of file, expecting ";" or "}" in /etc/nginx/conf.d/nginx.conf:116
2025/02/05 12:27:01 [emerg] 1#1: unexpected end of file, expecting ";" or "}" in /etc/nginx/conf.d/nginx.conf:116
2025/02/05 12:28:02 [emerg] 1#1: unexpected end of file, expecting ";" or "}" in /etc/nginx/conf.d/nginx.conf:116
2025/02/05 12:29:03 [emerg] 1#1: unexpected end of file, expecting ";" or "}" in /etc/nginx/conf.d/nginx.conf:116
2025/02/05 12:30:04 [emerg] 1#1: unexpected end of file, expecting ";" or "}" in /etc/nginx/conf.d/nginx.conf:116
2025/02/05 12:31:06 [emerg] 1#1: unexpected end of file, expecting ";" or "}" in /etc/nginx/conf.d/nginx.conf:116
2025/02/05 12:32:07 [emerg] 1#1: unexpected end of file, expecting ";" or "}" in /etc/nginx/conf.d/nginx.conf:116
2025/02/05 12:33:08 [emerg] 1#1: unexpected end of file, expecting ";" or "}" in /etc/nginx/conf.d/nginx.conf:116
2025/02/05 12:34:09 [emerg] 1#1: unexpected end of file, expecting ";" or "}" in /etc/nginx/conf.d/nginx.conf:116
2025/02/05 12:35:10 [emerg] 1#1: unexpected end of file, expecting ";" or "}" in /etc/nginx/conf.d/nginx.conf:116
2025/02/05 12:36:11 [emerg] 1#1: unexpected end of file, expecting ";" or "}" in /etc/nginx/conf.d/nginx.conf:116
2025/02/05 12:37:12 [emerg] 1#1: unexpected end of file, expecting ";" or "}" in /etc/nginx/conf.d/nginx.conf:116
2025/02/05 12:38:13 [emerg] 1#1: unexpected end of file, expecting ";" or "}" in /etc/nginx/conf.d/nginx.conf:116
2025/02/05 12:39:14 [emerg] 1#1: unexpected end of file, expecting ";" or "}" in /etc/nginx/conf.d/nginx.conf:116
2025/02/05 12:40:15 [emerg] 1#1: unexpected end of file, expecting ";" or "}" in /etc/nginx/conf.d/nginx.conf:116
2025/02/05 12:41:16 [emerg] 1#1: unexpected end of file, expecting ";" or "}" in /etc/nginx/conf.d/nginx.conf:116
2025/02/05 12:42:17 [emerg] 1#1: unexpected end of file, expecting ";" or "}" in /etc/nginx/conf.d/nginx.conf:116
2025/02/05 12:43:18 [emerg] 1#1: unexpected end of file, expecting ";" or "}" in /etc/nginx/conf.d/nginx.conf:116
2025/02/05 12:44:19 [emerg] 1#1: unexpected end of file, expecting ";" or "}" in /etc/nginx/conf.d/nginx.conf:116
2025/02/05 12:45:20 [emerg] 1#1: unexpected end of file, expecting ";" or "}" in /etc/nginx/conf.d/nginx.conf:116
2025/02/05 12:46:21 [emerg] 1#1: unexpected end of file, expecting ";" or "}" in /etc/nginx/conf.d/nginx.conf:116
2025/02/05 12:47:22 [emerg] 1#1: unexpected end of file, expecting ";" or "}" in /etc/nginx/conf.d/nginx.conf:116
2025/02/05 12:48:24 [emerg] 1#1: unexpected end of file, expecting ";" or "}" in /etc/nginx/conf.d/nginx.conf:116
2025/02/05 12:49:25 [emerg] 1#1: unexpected end of file, expecting ";" or "}" in /etc/nginx/conf.d/nginx.conf:116
2025/02/05 12:50:26 [emerg] 1#1: unexpected end of file, expecting ";" or "}" in /etc/nginx/conf.d/nginx.conf:116
2025/02/05 12:51:27 [emerg] 1#1: unexpected end of file, expecting ";" or "}" in /etc/nginx/conf.d/nginx.conf:116
2025/02/05 12:52:28 [emerg] 1#1: unexpected end of file, expecting ";" or "}" in /etc/nginx/conf.d/nginx.conf:116
2025/02/05 12:53:29 [emerg] 1#1: unexpected end of file, expecting ";" or "}" in /etc/nginx/conf.d/nginx.conf:116
2025/02/05 12:54:30 [emerg] 1#1: unexpected end of file, expecting ";" or "}" in /etc/nginx/conf.d/nginx.conf:116
2025/02/05 12:55:31 [emerg] 1#1: unexpected end of file, expecting ";" or "}" in /etc/nginx/conf.d/nginx.conf:116
2025/02/05 12:56:32 [emerg] 1#1: unexpected end of file, expecting ";" or "}" in /etc/nginx/conf.d/nginx.conf:116
2025/02/05 12:57:33 [emerg] 1#1: unexpected end of file, expecting ";" or "}" in /etc/nginx/conf.d/nginx.conf:116
2025/02/05 12:58:34 [emerg] 1#1: unexpected end of file, expecting ";" or "}" in /etc/nginx/conf.d/nginx.conf:116
2025/02/05 12:59:35 [emerg] 1#1: unexpected end of file, expecting ";" or "}" in /etc/nginx/conf.d/nginx.conf:116
2025/02/05 13:00:36 [emerg] 1#1: unexpected end of file, expecting ";" or "}" in /etc/nginx/conf.d/nginx.conf:116
2025/02/05 13:01:37 [emerg] 1#1: unexpected end of file, expecting ";" or "}" in /etc/nginx/conf.d/nginx.conf:116
2025/02/05 13:02:38 [emerg] 1#1: unexpected end of file, expecting ";" or "}" in /etc/nginx/conf.d/nginx.conf:116
2025/02/05 13:03:40 [emerg] 1#1: unexpected end of file, expecting ";" or "}" in /etc/nginx/conf.d/nginx.conf:116
2025/02/05 13:04:41 [emerg] 1#1: unexpected end of file, expecting ";" or "}" in /etc/nginx/conf.d/nginx.conf:116
2025/02/05 13:05:42 [emerg] 1#1: unexpected end of file, expecting ";" or "}" in /etc/nginx/conf.d/nginx.conf:116
2025/02/05 13:06:43 [emerg] 1#1: unexpected end of file, expecting ";" or "}" in /etc/nginx/conf.d/nginx.conf:116
2025/02/05 13:26:54 [emerg] 1#1: unexpected end of file, expecting ";" or "}" in /etc/nginx/conf.d/nginx.conf:116
2025/02/05 13:27:00 [emerg] 1#1: unexpected end of file, expecting ";" or "}" in /etc/nginx/conf.d/nginx.conf:116
2025/02/05 13:27:05 [emerg] 1#1: unexpected end of file, expecting ";" or "}" in /etc/nginx/conf.d/nginx.conf:116
2025/02/05 13:27:15 [emerg] 1#1: unexpected end of file, expecting ";" or "}" in /etc/nginx/conf.d/nginx.conf:116
2025/02/05 13:27:20 [emerg] 1#1: unexpected end of file, expecting ";" or "}" in /etc/nginx/conf.d/nginx.conf:116
2025/02/05 13:27:26 [emerg] 1#1: unexpected end of file, expecting ";" or "}" in /etc/nginx/conf.d/nginx.conf:116
2025/02/05 13:27:31 [emerg] 1#1: unexpected end of file, expecting ";" or "}" in /etc/nginx/conf.d/nginx.conf:116
2025/02/05 13:27:41 [emerg] 1#1: unexpected end of file, expecting ";" or "}" in /etc/nginx/conf.d/nginx.conf:116
2025/02/05 13:27:57 [emerg] 1#1: unexpected end of file, expecting ";" or "}" in /etc/nginx/conf.d/nginx.conf:116
2025/02/05 13:28:25 [emerg] 1#1: unexpected end of file, expecting ";" or "}" in /etc/nginx/conf.d/nginx.conf:116
2025/02/05 13:29:17 [emerg] 1#1: unexpected end of file, expecting ";" or "}" in /etc/nginx/conf.d/nginx.conf:116
2025/02/05 13:30:18 [emerg] 1#1: unexpected end of file, expecting ";" or "}" in /etc/nginx/conf.d/nginx.conf:116
2025/02/05 13:31:20 [emerg] 1#1: unexpected end of file, expecting ";" or "}" in /etc/nginx/conf.d/nginx.conf:116
2025/02/05 13:32:22 [emerg] 1#1: unexpected end of file, expecting ";" or "}" in /etc/nginx/conf.d/nginx.conf:116
2025/02/05 13:33:23 [emerg] 1#1: unexpected end of file, expecting ";" or "}" in /etc/nginx/conf.d/nginx.conf:116
2025/02/05 13:34:24 [emerg] 1#1: unexpected end of file, expecting ";" or "}" in /etc/nginx/conf.d/nginx.conf:116
2025/02/05 13:35:26 [emerg] 1#1: unexpected end of file, expecting ";" or "}" in /etc/nginx/conf.d/nginx.conf:116
2025/02/05 13:36:27 [emerg] 1#1: unexpected end of file, expecting ";" or "}" in /etc/nginx/conf.d/nginx.conf:116
2025/02/05 13:37:28 [emerg] 1#1: unexpected end of file, expecting ";" or "}" in /etc/nginx/conf.d/nginx.conf:116
2025/02/05 13:38:29 [emerg] 1#1: unexpected end of file, expecting ";" or "}" in /etc/nginx/conf.d/nginx.conf:116
2025/02/05 13:39:31 [emerg] 1#1: unexpected end of file, expecting ";" or "}" in /etc/nginx/conf.d/nginx.conf:116
2025/02/05 13:40:32 [emerg] 1#1: unexpected end of file, expecting ";" or "}" in /etc/nginx/conf.d/nginx.conf:116
2025/02/05 13:41:33 [emerg] 1#1: unexpected end of file, expecting ";" or "}" in /etc/nginx/conf.d/nginx.conf:116
2025/02/05 13:42:35 [emerg] 1#1: unexpected end of file, expecting ";" or "}" in /etc/nginx/conf.d/nginx.conf:116
2025/02/05 13:43:36 [emerg] 1#1: unexpected end of file, expecting ";" or "}" in /etc/nginx/conf.d/nginx.conf:116
2025/02/05 13:44:37 [emerg] 1#1: unexpected end of file, expecting ";" or "}" in /etc/nginx/conf.d/nginx.conf:116
2025/02/05 13:45:38 [emerg] 1#1: unexpected end of file, expecting ";" or "}" in /etc/nginx/conf.d/nginx.conf:116
2025/02/05 13:46:39 [emerg] 1#1: unexpected end of file, expecting ";" or "}" in /etc/nginx/conf.d/nginx.conf:116
2025/02/05 13:47:41 [emerg] 1#1: unexpected end of file, expecting ";" or "}" in /etc/nginx/conf.d/nginx.conf:116
2025/02/05 13:48:43 [emerg] 1#1: unexpected end of file, expecting ";" or "}" in /etc/nginx/conf.d/nginx.conf:116
2025/02/05 13:49:44 [emerg] 1#1: unexpected end of file, expecting ";" or "}" in /etc/nginx/conf.d/nginx.conf:116
2025/02/05 13:50:46 [emerg] 1#1: unexpected end of file, expecting ";" or "}" in /etc/nginx/conf.d/nginx.conf:116
2025/02/05 13:52:01 [notice] 1#1: using the "epoll" event method
2025/02/05 13:52:01 [notice] 1#1: nginx/1.27.3
2025/02/05 13:52:01 [notice] 1#1: built by gcc 13.2.1 20240309 (Alpine 13.2.1_git20240309) 
2025/02/05 13:52:01 [notice] 1#1: OS: Linux 6.8.11-amd64
2025/02/05 13:52:01 [notice] 1#1: getrlimit(RLIMIT_NOFILE): 1073741816:1073741816
2025/02/05 13:52:01 [notice] 1#1: start worker processes
2025/02/05 13:52:01 [notice] 1#1: start worker process 20
2025/02/05 13:52:01 [notice] 1#1: start worker process 21
2025/02/05 13:52:01 [notice] 1#1: start worker process 22
2025/02/05 13:52:01 [notice] 1#1: start worker process 23
2025/02/05 13:52:01 [notice] 1#1: start worker process 24
2025/02/05 13:52:01 [notice] 1#1: start worker process 25
2025/02/05 13:52:01 [notice] 1#1: start worker process 26
2025/02/05 13:52:01 [notice] 1#1: start worker process 27
2025/02/05 15:22:42 [notice] 1#1: using the "epoll" event method
2025/02/05 15:22:42 [notice] 1#1: nginx/1.27.3
2025/02/05 15:22:42 [notice] 1#1: built by gcc 13.2.1 20240309 (Alpine 13.2.1_git20240309) 
2025/02/05 15:22:42 [notice] 1#1: OS: Linux 6.8.11-amd64
2025/02/05 15:22:42 [notice] 1#1: getrlimit(RLIMIT_NOFILE): 1073741816:1073741816
2025/02/05 15:22:42 [notice] 1#1: start worker processes
2025/02/05 15:22:42 [notice] 1#1: start worker process 20
2025/02/05 15:22:42 [notice] 1#1: start worker process 21
2025/02/05 15:22:42 [notice] 1#1: start worker process 22
2025/02/05 15:22:42 [notice] 1#1: start worker process 23
2025/02/05 15:22:42 [notice] 1#1: start worker process 24
2025/02/05 15:22:42 [notice] 1#1: start worker process 25
2025/02/05 15:22:42 [notice] 1#1: start worker process 26
2025/02/05 15:22:42 [notice] 1#1: start worker process 27
2025/02/05 19:12:48 [notice] 1#1: using the "epoll" event method
2025/02/05 19:12:48 [notice] 1#1: nginx/1.27.3
2025/02/05 19:12:48 [notice] 1#1: built by gcc 13.2.1 20240309 (Alpine 13.2.1_git20240309) 
2025/02/05 19:12:48 [notice] 1#1: OS: Linux 6.8.11-amd64
2025/02/05 19:12:48 [notice] 1#1: getrlimit(RLIMIT_NOFILE): 1073741816:1073741816
2025/02/05 19:12:48 [notice] 1#1: start worker processes
2025/02/05 19:12:48 [notice] 1#1: start worker process 19
2025/02/05 19:12:48 [notice] 1#1: start worker process 20
2025/02/05 19:12:48 [notice] 1#1: start worker process 21
2025/02/05 19:12:48 [notice] 1#1: start worker process 22
2025/02/05 19:12:48 [notice] 1#1: start worker process 23
2025/02/05 19:12:48 [notice] 1#1: start worker process 24
2025/02/05 19:12:48 [notice] 1#1: start worker process 25
2025/02/05 19:12:48 [notice] 1#1: start worker process 26
2025/02/05 20:03:07 [notice] 1#1: using the "epoll" event method
2025/02/05 20:03:07 [notice] 1#1: nginx/1.27.3
2025/02/05 20:03:07 [notice] 1#1: built by gcc 13.2.1 20240309 (Alpine 13.2.1_git20240309) 
2025/02/05 20:03:07 [notice] 1#1: OS: Linux 6.8.11-amd64
2025/02/05 20:03:07 [notice] 1#1: getrlimit(RLIMIT_NOFILE): 1073741816:1073741816
2025/02/05 20:03:07 [notice] 1#1: start worker processes
2025/02/05 20:03:07 [notice] 1#1: start worker process 20
2025/02/05 20:03:07 [notice] 1#1: start worker process 21
2025/02/05 20:03:07 [notice] 1#1: start worker process 22
2025/02/05 20:03:07 [notice] 1#1: start worker process 23
2025/02/05 20:03:07 [notice] 1#1: start worker process 24
2025/02/05 20:03:07 [notice] 1#1: start worker process 25
2025/02/05 20:03:07 [notice] 1#1: start worker process 26
2025/02/05 20:03:07 [notice] 1#1: start worker process 27
2025/02/05 22:48:44 [notice] 1#1: using the "epoll" event method
2025/02/05 22:48:44 [notice] 1#1: nginx/1.27.3
2025/02/05 22:48:44 [notice] 1#1: built by gcc 13.2.1 20240309 (Alpine 13.2.1_git20240309) 
2025/02/05 22:48:44 [notice] 1#1: OS: Linux 6.8.11-amd64
2025/02/05 22:48:44 [notice] 1#1: getrlimit(RLIMIT_NOFILE): 1073741816:1073741816
2025/02/05 22:48:44 [notice] 1#1: start worker processes
2025/02/05 22:48:44 [notice] 1#1: start worker process 20
2025/02/05 22:48:44 [notice] 1#1: start worker process 21
2025/02/05 22:48:44 [notice] 1#1: start worker process 22
2025/02/05 22:48:44 [notice] 1#1: start worker process 23
2025/02/05 22:48:44 [notice] 1#1: start worker process 24
2025/02/05 22:48:44 [notice] 1#1: start worker process 25
2025/02/05 22:48:44 [notice] 1#1: start worker process 26
2025/02/05 22:48:44 [notice] 1#1: start worker process 27
2025/02/07 14:17:15 [notice] 1#1: signal 3 (SIGQUIT) received, shutting down
2025/02/07 14:17:17 [notice] 21#21: gracefully shutting down
2025/02/07 14:17:17 [notice] 25#25: gracefully shutting down
2025/02/07 14:17:16 [notice] 26#26: gracefully shutting down
2025/02/07 14:17:17 [notice] 27#27: gracefully shutting down
2025/02/07 14:17:17 [notice] 24#24: gracefully shutting down
2025/02/07 14:17:17 [notice] 22#22: gracefully shutting down
2025/02/07 14:17:17 [notice] 20#20: gracefully shutting down
2025/02/07 14:17:17 [notice] 23#23: gracefully shutting down
2025/02/07 14:17:17 [notice] 23#23: exiting
2025/02/07 14:17:17 [notice] 20#20: exiting
2025/02/07 14:17:17 [notice] 25#25: exiting
2025/02/07 14:17:17 [notice] 21#21: exiting
2025/02/07 14:17:17 [notice] 27#27: exiting
2025/02/07 14:17:17 [notice] 24#24: exiting
2025/02/07 14:17:16 [notice] 26#26: exiting
2025/02/07 14:17:17 [notice] 22#22: exiting
2025/02/07 14:17:16 [notice] 26#26: exit
2025/02/07 14:17:17 [notice] 23#23: exit
2025/02/07 14:17:17 [notice] 27#27: exit
2025/02/07 14:17:17 [notice] 24#24: exit
2025/02/07 14:17:17 [notice] 25#25: exit
2025/02/07 14:17:17 [notice] 20#20: exit
2025/02/07 14:17:17 [notice] 21#21: exit
2025/02/07 14:17:17 [notice] 22#22: exit
2025/02/07 14:17:20 [notice] 1#1: signal 17 (SIGCHLD) received from 25
2025/02/07 14:17:20 [notice] 1#1: worker process 20 exited with code 0
2025/02/07 14:17:20 [notice] 1#1: worker process 25 exited with code 0
2025/02/07 14:17:20 [notice] 1#1: signal 29 (SIGIO) received
2025/02/07 14:17:20 [notice] 1#1: signal 17 (SIGCHLD) received from 22
2025/02/07 14:17:20 [notice] 1#1: worker process 22 exited with code 0
2025/02/07 14:17:20 [notice] 1#1: signal 29 (SIGIO) received
2025/02/07 14:17:20 [notice] 1#1: signal 17 (SIGCHLD) received from 24
2025/02/07 14:17:20 [notice] 1#1: worker process 24 exited with code 0
2025/02/07 14:17:20 [notice] 1#1: worker process 27 exited with code 0
2025/02/07 14:17:20 [notice] 1#1: signal 29 (SIGIO) received
2025/02/07 14:17:20 [notice] 1#1: signal 17 (SIGCHLD) received from 27
2025/02/07 14:17:20 [notice] 1#1: signal 17 (SIGCHLD) received from 26
2025/02/07 14:17:20 [notice] 1#1: worker process 26 exited with code 0
2025/02/07 14:17:20 [notice] 1#1: signal 29 (SIGIO) received
2025/02/07 14:17:20 [notice] 1#1: signal 17 (SIGCHLD) received from 23
2025/02/07 14:17:20 [notice] 1#1: worker process 23 exited with code 0
2025/02/07 14:17:20 [notice] 1#1: signal 29 (SIGIO) received
2025/02/07 14:17:20 [notice] 1#1: signal 17 (SIGCHLD) received from 21
2025/02/07 14:17:20 [notice] 1#1: worker process 21 exited with code 0
2025/02/07 14:17:20 [notice] 1#1: exit
2025/02/07 14:20:20 [notice] 1#1: using the "epoll" event method
2025/02/07 14:20:20 [notice] 1#1: nginx/1.27.3
2025/02/07 14:20:20 [notice] 1#1: built by gcc 13.2.1 20240309 (Alpine 13.2.1_git20240309) 
2025/02/07 14:20:20 [notice] 1#1: OS: Linux 6.8.11-amd64
2025/02/07 14:20:20 [notice] 1#1: getrlimit(RLIMIT_NOFILE): 1073741816:1073741816
2025/02/07 14:20:20 [notice] 1#1: start worker processes
2025/02/07 14:20:20 [notice] 1#1: start worker process 20
2025/02/07 14:20:20 [notice] 1#1: start worker process 21
2025/02/07 14:20:20 [notice] 1#1: start worker process 22
2025/02/07 14:20:20 [notice] 1#1: start worker process 23
2025/02/07 14:20:20 [notice] 1#1: start worker process 24
2025/02/07 14:20:20 [notice] 1#1: start worker process 25
2025/02/07 14:20:20 [notice] 1#1: start worker process 26
2025/02/07 14:20:20 [notice] 1#1: start worker process 27
2025/02/08 12:52:56 [notice] 1#1: using the "epoll" event method
2025/02/08 12:52:56 [notice] 1#1: nginx/1.27.3
2025/02/08 12:52:56 [notice] 1#1: built by gcc 13.2.1 20240309 (Alpine 13.2.1_git20240309) 
2025/02/08 12:52:56 [notice] 1#1: OS: Linux 6.8.11-amd64
2025/02/08 12:52:56 [notice] 1#1: getrlimit(RLIMIT_NOFILE): 1073741816:1073741816
2025/02/08 12:52:56 [notice] 1#1: start worker processes
2025/02/08 12:52:56 [notice] 1#1: start worker process 20
2025/02/08 12:52:56 [notice] 1#1: start worker process 21
2025/02/08 12:52:56 [notice] 1#1: start worker process 22
2025/02/08 12:52:56 [notice] 1#1: start worker process 23
2025/02/08 12:52:56 [notice] 1#1: start worker process 24
2025/02/08 12:52:56 [notice] 1#1: start worker process 25
2025/02/08 12:52:56 [notice] 1#1: start worker process 26
2025/02/08 12:52:56 [notice] 1#1: start worker process 27
2025/02/08 18:23:07 [notice] 1#1: using the "epoll" event method
2025/02/08 18:23:07 [notice] 1#1: nginx/1.27.3
2025/02/08 18:23:07 [notice] 1#1: built by gcc 13.2.1 20240309 (Alpine 13.2.1_git20240309) 
2025/02/08 18:23:07 [notice] 1#1: OS: Linux 6.8.11-amd64
2025/02/08 18:23:07 [notice] 1#1: getrlimit(RLIMIT_NOFILE): 1073741816:1073741816
2025/02/08 18:23:07 [notice] 1#1: start worker processes
2025/02/08 18:23:07 [notice] 1#1: start worker process 20
2025/02/08 18:23:07 [notice] 1#1: start worker process 21
2025/02/08 18:23:07 [notice] 1#1: start worker process 22
2025/02/08 18:23:07 [notice] 1#1: start worker process 23
2025/02/08 18:23:07 [notice] 1#1: start worker process 24
2025/02/08 18:23:07 [notice] 1#1: start worker process 25
2025/02/08 18:23:07 [notice] 1#1: start worker process 26
2025/02/08 18:23:07 [notice] 1#1: start worker process 27
2025/02/08 20:56:18 [notice] 1#1: using the "epoll" event method
2025/02/08 20:56:18 [notice] 1#1: nginx/1.27.3
2025/02/08 20:56:18 [notice] 1#1: built by gcc 13.2.1 20240309 (Alpine 13.2.1_git20240309) 
2025/02/08 20:56:18 [notice] 1#1: OS: Linux 6.8.11-amd64
2025/02/08 20:56:18 [notice] 1#1: getrlimit(RLIMIT_NOFILE): 1073741816:1073741816
2025/02/08 20:56:18 [notice] 1#1: start worker processes
2025/02/08 20:56:18 [notice] 1#1: start worker process 20
2025/02/08 20:56:18 [notice] 1#1: start worker process 21
2025/02/08 20:56:18 [notice] 1#1: start worker process 22
2025/02/08 20:56:18 [notice] 1#1: start worker process 23
2025/02/08 20:56:18 [notice] 1#1: start worker process 24
2025/02/08 20:56:18 [notice] 1#1: start worker process 25
2025/02/08 20:56:18 [notice] 1#1: start worker process 26
2025/02/08 20:56:18 [notice] 1#1: start worker process 27
2025/02/09 07:46:18 [notice] 1#1: using the "epoll" event method
2025/02/09 07:46:18 [notice] 1#1: nginx/1.27.3
2025/02/09 07:46:18 [notice] 1#1: built by gcc 13.2.1 20240309 (Alpine 13.2.1_git20240309) 
2025/02/09 07:46:18 [notice] 1#1: OS: Linux 6.8.11-amd64
2025/02/09 07:46:18 [notice] 1#1: getrlimit(RLIMIT_NOFILE): 1073741816:1073741816
2025/02/09 07:46:18 [notice] 1#1: start worker processes
2025/02/09 07:46:18 [notice] 1#1: start worker process 19
2025/02/09 07:46:18 [notice] 1#1: start worker process 20
2025/02/09 07:46:18 [notice] 1#1: start worker process 21
2025/02/09 07:46:18 [notice] 1#1: start worker process 22
2025/02/09 07:46:18 [notice] 1#1: start worker process 23
2025/02/09 07:46:18 [notice] 1#1: start worker process 24
2025/02/09 07:46:18 [notice] 1#1: start worker process 25
2025/02/09 07:46:18 [notice] 1#1: start worker process 26
2025/02/09 09:35:59 [notice] 1#1: using the "epoll" event method
2025/02/09 09:35:59 [notice] 1#1: nginx/1.27.3
2025/02/09 09:35:59 [notice] 1#1: built by gcc 13.2.1 20240309 (Alpine 13.2.1_git20240309) 
2025/02/09 09:35:59 [notice] 1#1: OS: Linux 6.8.11-amd64
2025/02/09 09:35:59 [notice] 1#1: getrlimit(RLIMIT_NOFILE): 1073741816:1073741816
2025/02/09 09:35:59 [notice] 1#1: start worker processes
2025/02/09 09:35:59 [notice] 1#1: start worker process 20
2025/02/09 09:35:59 [notice] 1#1: start worker process 21
2025/02/09 09:35:59 [notice] 1#1: start worker process 22
2025/02/09 09:35:59 [notice] 1#1: start worker process 23
2025/02/09 09:35:59 [notice] 1#1: start worker process 24
2025/02/09 09:35:59 [notice] 1#1: start worker process 25
2025/02/09 09:35:59 [notice] 1#1: start worker process 26
2025/02/09 09:35:59 [notice] 1#1: start worker process 27
2025/02/09 18:24:19 [notice] 1#1: using the "epoll" event method
2025/02/09 18:24:19 [notice] 1#1: nginx/1.27.3
2025/02/09 18:24:19 [notice] 1#1: built by gcc 13.2.1 20240309 (Alpine 13.2.1_git20240309) 
2025/02/09 18:24:19 [notice] 1#1: OS: Linux 6.8.11-amd64
2025/02/09 18:24:19 [notice] 1#1: getrlimit(RLIMIT_NOFILE): 1073741816:1073741816
2025/02/09 18:24:19 [notice] 1#1: start worker processes
2025/02/09 18:24:19 [notice] 1#1: start worker process 20
2025/02/09 18:24:19 [notice] 1#1: start worker process 21
2025/02/09 18:24:19 [notice] 1#1: start worker process 22
2025/02/09 18:24:19 [notice] 1#1: start worker process 23
2025/02/09 18:24:19 [notice] 1#1: start worker process 24
2025/02/09 18:24:19 [notice] 1#1: start worker process 25
2025/02/09 18:24:19 [notice] 1#1: start worker process 26
2025/02/09 18:24:19 [notice] 1#1: start worker process 27
2025/02/09 21:35:51 [notice] 1#1: using the "epoll" event method
2025/02/09 21:35:51 [notice] 1#1: nginx/1.27.3
2025/02/09 21:35:51 [notice] 1#1: built by gcc 13.2.1 20240309 (Alpine 13.2.1_git20240309) 
2025/02/09 21:35:51 [notice] 1#1: OS: Linux 6.8.11-amd64
2025/02/09 21:35:51 [notice] 1#1: getrlimit(RLIMIT_NOFILE): 1073741816:1073741816
2025/02/09 21:35:51 [notice] 1#1: start worker processes
2025/02/09 21:35:51 [notice] 1#1: start worker process 20
2025/02/09 21:35:51 [notice] 1#1: start worker process 21
2025/02/09 21:35:51 [notice] 1#1: start worker process 22
2025/02/09 21:35:51 [notice] 1#1: start worker process 23
2025/02/09 21:35:51 [notice] 1#1: start worker process 24
2025/02/09 21:35:51 [notice] 1#1: start worker process 25
2025/02/09 21:35:51 [notice] 1#1: start worker process 26
2025/02/09 21:35:51 [notice] 1#1: start worker process 27
2025/02/10 11:51:44 [notice] 1#1: using the "epoll" event method
2025/02/10 11:51:44 [notice] 1#1: nginx/1.27.3
2025/02/10 11:51:44 [notice] 1#1: built by gcc 13.2.1 20240309 (Alpine 13.2.1_git20240309) 
2025/02/10 11:51:44 [notice] 1#1: OS: Linux 6.8.11-amd64
2025/02/10 11:51:44 [notice] 1#1: getrlimit(RLIMIT_NOFILE): 1073741816:1073741816
2025/02/10 11:51:44 [notice] 1#1: start worker processes
2025/02/10 11:51:44 [notice] 1#1: start worker process 20
2025/02/10 11:51:44 [notice] 1#1: start worker process 21
2025/02/10 11:51:44 [notice] 1#1: start worker process 22
2025/02/10 11:51:44 [notice] 1#1: start worker process 23
2025/02/10 11:51:44 [notice] 1#1: start worker process 24
2025/02/10 11:51:44 [notice] 1#1: start worker process 25
2025/02/10 11:51:44 [notice] 1#1: start worker process 26
2025/02/10 11:51:44 [notice] 1#1: start worker process 27
2025/02/11 10:21:04 [notice] 1#1: using the "epoll" event method
2025/02/11 10:21:04 [notice] 1#1: nginx/1.27.3
2025/02/11 10:21:04 [notice] 1#1: built by gcc 13.2.1 20240309 (Alpine 13.2.1_git20240309) 
2025/02/11 10:21:04 [notice] 1#1: OS: Linux 6.8.11-amd64
2025/02/11 10:21:04 [notice] 1#1: getrlimit(RLIMIT_NOFILE): 1073741816:1073741816
2025/02/11 10:21:04 [notice] 1#1: start worker processes
2025/02/11 10:21:04 [notice] 1#1: start worker process 20
2025/02/11 10:21:04 [notice] 1#1: start worker process 21
2025/02/11 10:21:04 [notice] 1#1: start worker process 22
2025/02/11 10:21:04 [notice] 1#1: start worker process 23
2025/02/11 10:21:04 [notice] 1#1: start worker process 24
2025/02/11 10:21:04 [notice] 1#1: start worker process 25
2025/02/11 10:21:04 [notice] 1#1: start worker process 26
2025/02/11 10:21:04 [notice] 1#1: start worker process 27
2025/02/11 18:56:16 [notice] 1#1: using the "epoll" event method
2025/02/11 18:56:16 [notice] 1#1: nginx/1.27.3
2025/02/11 18:56:16 [notice] 1#1: built by gcc 13.2.1 20240309 (Alpine 13.2.1_git20240309) 
2025/02/11 18:56:16 [notice] 1#1: OS: Linux 6.8.11-amd64
2025/02/11 18:56:16 [notice] 1#1: getrlimit(RLIMIT_NOFILE): 1073741816:1073741816
2025/02/11 18:56:16 [notice] 1#1: start worker processes
2025/02/11 18:56:16 [notice] 1#1: start worker process 20
2025/02/11 18:56:16 [notice] 1#1: start worker process 21
2025/02/11 18:56:16 [notice] 1#1: start worker process 22
2025/02/11 18:56:16 [notice] 1#1: start worker process 23
2025/02/11 18:56:16 [notice] 1#1: start worker process 24
2025/02/11 18:56:16 [notice] 1#1: start worker process 25
2025/02/11 18:56:16 [notice] 1#1: start worker process 26
2025/02/11 18:56:16 [notice] 1#1: start worker process 27
2025/02/12 06:08:42 [notice] 1#1: using the "epoll" event method
2025/02/12 06:08:42 [notice] 1#1: nginx/1.27.3
2025/02/12 06:08:42 [notice] 1#1: built by gcc 13.2.1 20240309 (Alpine 13.2.1_git20240309) 
2025/02/12 06:08:42 [notice] 1#1: OS: Linux 6.8.11-amd64
2025/02/12 06:08:42 [notice] 1#1: getrlimit(RLIMIT_NOFILE): 1073741816:1073741816
2025/02/12 06:08:42 [notice] 1#1: start worker processes
2025/02/12 06:08:42 [notice] 1#1: start worker process 20
2025/02/12 06:08:42 [notice] 1#1: start worker process 21
2025/02/12 06:08:42 [notice] 1#1: start worker process 22
2025/02/12 06:08:42 [notice] 1#1: start worker process 23
2025/02/12 06:08:42 [notice] 1#1: start worker process 24
2025/02/12 06:08:42 [notice] 1#1: start worker process 25
2025/02/12 06:08:42 [notice] 1#1: start worker process 26
2025/02/12 06:08:42 [notice] 1#1: start worker process 27
2025/02/12 14:25:46 [notice] 1#1: using the "epoll" event method
2025/02/12 14:25:46 [notice] 1#1: nginx/1.27.3
2025/02/12 14:25:46 [notice] 1#1: built by gcc 13.2.1 20240309 (Alpine 13.2.1_git20240309) 
2025/02/12 14:25:46 [notice] 1#1: OS: Linux 6.8.11-amd64
2025/02/12 14:25:46 [notice] 1#1: getrlimit(RLIMIT_NOFILE): 1073741816:1073741816
2025/02/12 14:25:46 [notice] 1#1: start worker processes
2025/02/12 14:25:46 [notice] 1#1: start worker process 20
2025/02/12 14:25:46 [notice] 1#1: start worker process 21
2025/02/12 14:25:46 [notice] 1#1: start worker process 22
2025/02/12 14:25:46 [notice] 1#1: start worker process 23
2025/02/12 14:25:46 [notice] 1#1: start worker process 24
2025/02/12 14:25:46 [notice] 1#1: start worker process 25
2025/02/12 14:25:46 [notice] 1#1: start worker process 26
2025/02/12 14:25:46 [notice] 1#1: start worker process 27
2025/02/14 15:53:13 [notice] 1#1: using the "epoll" event method
2025/02/14 15:53:13 [notice] 1#1: nginx/1.27.3
2025/02/14 15:53:13 [notice] 1#1: built by gcc 13.2.1 20240309 (Alpine 13.2.1_git20240309) 
2025/02/14 15:53:13 [notice] 1#1: OS: Linux 6.8.11-amd64
2025/02/14 15:53:13 [notice] 1#1: getrlimit(RLIMIT_NOFILE): 1073741816:1073741816
2025/02/14 15:53:13 [notice] 1#1: start worker processes
2025/02/14 15:53:13 [notice] 1#1: start worker process 20
2025/02/14 15:53:13 [notice] 1#1: start worker process 21
2025/02/14 15:53:13 [notice] 1#1: start worker process 22
2025/02/14 15:53:13 [notice] 1#1: start worker process 23
2025/02/14 15:53:13 [notice] 1#1: start worker process 24
2025/02/14 15:53:13 [notice] 1#1: start worker process 25
2025/02/14 15:53:13 [notice] 1#1: start worker process 26
2025/02/14 15:53:13 [notice] 1#1: start worker process 27
2025/02/15 11:31:04 [notice] 1#1: using the "epoll" event method
2025/02/15 11:31:04 [notice] 1#1: nginx/1.27.3
2025/02/15 11:31:04 [notice] 1#1: built by gcc 13.2.1 20240309 (Alpine 13.2.1_git20240309) 
2025/02/15 11:31:04 [notice] 1#1: OS: Linux 6.8.11-amd64
2025/02/15 11:31:04 [notice] 1#1: getrlimit(RLIMIT_NOFILE): 1073741816:1073741816
2025/02/15 11:31:04 [notice] 1#1: start worker processes
2025/02/15 11:31:04 [notice] 1#1: start worker process 20
2025/02/15 11:31:04 [notice] 1#1: start worker process 21
2025/02/15 11:31:04 [notice] 1#1: start worker process 22
2025/02/15 11:31:04 [notice] 1#1: start worker process 23
2025/02/15 11:31:04 [notice] 1#1: start worker process 24
2025/02/15 11:31:04 [notice] 1#1: start worker process 25
2025/02/15 11:31:04 [notice] 1#1: start worker process 26
2025/02/15 11:31:04 [notice] 1#1: start worker process 27
2025/02/15 12:07:08 [notice] 1#1: using the "epoll" event method
2025/02/15 12:07:08 [notice] 1#1: nginx/1.27.3
2025/02/15 12:07:08 [notice] 1#1: built by gcc 13.2.1 20240309 (Alpine 13.2.1_git20240309) 
2025/02/15 12:07:08 [notice] 1#1: OS: Linux 6.8.11-amd64
2025/02/15 12:07:08 [notice] 1#1: getrlimit(RLIMIT_NOFILE): 1073741816:1073741816
2025/02/15 12:07:08 [notice] 1#1: start worker processes
2025/02/15 12:07:08 [notice] 1#1: start worker process 20
2025/02/15 12:07:08 [notice] 1#1: start worker process 21
2025/02/15 12:07:08 [notice] 1#1: start worker process 22
2025/02/15 12:07:08 [notice] 1#1: start worker process 23
2025/02/15 12:07:08 [notice] 1#1: start worker process 24
2025/02/15 12:07:08 [notice] 1#1: start worker process 25
2025/02/15 12:07:08 [notice] 1#1: start worker process 26
2025/02/15 12:07:08 [notice] 1#1: start worker process 27
